<?xml version="1.0" encoding="UTF-8"?>
<!-- Generated by org.testng.reporters.JUnitReportReporter -->
<testsuite hostname="DESKTOP-IMMTNP5" failures="0" tests="10" name="com.testcase.abc.LEAVE_page_testcase" time="0.028" errors="0" timestamp="2022-08-01T10:47:46 IST" skipped="0">
  <testcase classname="com.testcase.abc.LEAVE_page_testcase" name="TC4" time="0.003"/>
  <system-out/>
  <testcase classname="com.testcase.abc.LEAVE_page_testcase" name="TC4" time="0.003"/>
  <system-out/>
  <testcase classname="com.testcase.abc.LEAVE_page_testcase" name="TC4" time="0.002"/>
  <system-out/>
  <testcase classname="com.testcase.abc.LEAVE_page_testcase" name="TC4" time="0.003"/>
  <system-out/>
  <testcase classname="com.testcase.abc.LEAVE_page_testcase" name="TC4" time="0.004"/>
  <system-out/>
  <testcase classname="com.testcase.abc.LEAVE_page_testcase" name="TC4" time="0.004"/>
  <system-out/>
  <testcase classname="com.testcase.abc.LEAVE_page_testcase" name="TC4" time="0.001"/>
  <system-out/>
  <testcase classname="com.testcase.abc.LEAVE_page_testcase" name="TC4" time="0.001"/>
  <system-out/>
  <testcase classname="com.testcase.abc.LEAVE_page_testcase" name="TC4" time="0.003"/>
  <system-out/>
  <testcase classname="com.testcase.abc.LEAVE_page_testcase" name="TC4" time="0.004"/>
  <system-out/>
</testsuite> <!-- com.testcase.abc.LEAVE_page_testcase -->
